<?xml version="1.0" encoding="UTF-8"?>
<!-- Generated by org.testng.reporters.JUnitReportReporter -->
<testsuite skipped="0" hostname="LAPTOP-LNB1H88U" name="com.wbl.testcases.HomePageTest" tests="3" failures="0" timestamp="2022-01-08T17:48:00 MST" time="42.205" errors="0">
  <testcase name="validateHomePageTitleTest" time="12.502" classname="com.wbl.testcases.HomePageTest"/>
  <system-out/>
  <testcase name="validateUserNameTest" time="14.213" classname="com.wbl.testcases.HomePageTest"/>
  <system-out/>
  <testcase name="clickOnContanctsTest" time="15.490" classname="com.wbl.testcases.HomePageTest"/>
  <system-out/>
</testsuite> <!-- com.wbl.testcases.HomePageTest -->
