<?xml version="1.0" encoding="UTF-8"?>
<!-- Generated by org.testng.reporters.JUnitReportReporter -->
<testsuite skipped="0" hostname="LAPTOP-LNB1H88U" name="com.wbl.testcases.LoginPageTest" tests="2" failures="0" timestamp="2022-01-08T17:48:00 MST" time="20.880" errors="0">
  <testcase name="loginPageTitleTest" time="4.316" classname="com.wbl.testcases.LoginPageTest"/>
  <system-out/>
  <testcase name="LoginTest" time="16.564" classname="com.wbl.testcases.LoginPageTest"/>
  <system-out/>
</testsuite> <!-- com.wbl.testcases.LoginPageTest -->
